<?xml version="1.0" encoding="UTF-8"?>
<!-- Generated by org.testng.reporters.JUnitXMLReporter -->
<testsuite hostname="TUNGIE.home" name="Command line test" tests="23" failures="0" timestamp="30 Nov 2015 02:26:38 GMT" time="4.216" errors="0">
  <testcase name="deleteUser" time="0.025" classname="com.mastergradeschool.auth.controller.AppControllerTest"/>
  <testcase name="editUser" time="0.053" classname="com.mastergradeschool.auth.controller.AppControllerTest"/>
  <testcase name="listUsers" time="0.016" classname="com.mastergradeschool.auth.controller.AppControllerTest"/>
  <testcase name="newUser" time="0.002" classname="com.mastergradeschool.auth.controller.AppControllerTest"/>
  <testcase name="saveUserWithSuccess" time="0.002" classname="com.mastergradeschool.auth.controller.AppControllerTest"/>
  <testcase name="saveUserWithValidationError" time="0.0" classname="com.mastergradeschool.auth.controller.AppControllerTest"/>
  <testcase name="saveUserWithValidationErrorNonUniqueSSN" time="0.004" classname="com.mastergradeschool.auth.controller.AppControllerTest"/>
  <testcase name="updateUserWithSuccess" time="0.002" classname="com.mastergradeschool.auth.controller.AppControllerTest"/>
  <testcase name="updateUserWithValidationError" time="0.0" classname="com.mastergradeschool.auth.controller.AppControllerTest"/>
  <testcase name="updateUserWithValidationErrorNonUniqueSSN" time="0.002" classname="com.mastergradeschool.auth.controller.AppControllerTest"/>
  <testcase name="deleteUserByInvalidSsn" time="0.122" classname="com.mastergradeschool.auth.dao.UserDaoImplTest"/>
  <testcase name="deleteUserBySsn" time="0.004" classname="com.mastergradeschool.auth.dao.UserDaoImplTest"/>
  <testcase name="findAllUsers" time="0.002" classname="com.mastergradeschool.auth.dao.UserDaoImplTest"/>
  <testcase name="findById" time="0.012" classname="com.mastergradeschool.auth.dao.UserDaoImplTest"/>
  <testcase name="findUserBySsn" time="0.016" classname="com.mastergradeschool.auth.dao.UserDaoImplTest"/>
  <testcase name="saveUser" time="0.029" classname="com.mastergradeschool.auth.dao.UserDaoImplTest"/>
  <testcase name="deleteUserBySsn" time="0.0" classname="com.mastergradeschool.auth.service.UserServiceImplTest"/>
  <testcase name="findAllUsers" time="0.0" classname="com.mastergradeschool.auth.service.UserServiceImplTest"/>
  <testcase name="findById" time="0.001" classname="com.mastergradeschool.auth.service.UserServiceImplTest"/>
  <testcase name="findUserBySsn" time="0.0" classname="com.mastergradeschool.auth.service.UserServiceImplTest"/>
  <testcase name="isUserSsnUnique" time="0.001" classname="com.mastergradeschool.auth.service.UserServiceImplTest"/>
  <testcase name="saveUser" time="0.001" classname="com.mastergradeschool.auth.service.UserServiceImplTest"/>
  <testcase name="updateUser" time="0.0" classname="com.mastergradeschool.auth.service.UserServiceImplTest"/>
</testsuite> <!-- Command line test -->
